<?xml version="1.0" encoding="UTF-8"?>
<testng-results skipped="0" failed="0" ignored="0" total="2" passed="2">
  <reporter-output>
  </reporter-output>
  <suite name="Suite" duration-ms="21720" started-at="2018-07-23T14:20:28Z" finished-at="2018-07-23T14:20:50Z">
    <groups>
    </groups>
    <test name="Test" duration-ms="21720" started-at="2018-07-23T14:20:28Z" finished-at="2018-07-23T14:20:50Z">
      <class name="test.Testmail">
        <test-method status="PASS" signature="setup()[pri:0, instance:test.Testmail@3a82f6ef]" name="setup" is-config="true" duration-ms="10947" started-at="2018-07-23T17:20:28Z" finished-at="2018-07-23T17:20:39Z">
          <reporter-output>
          </reporter-output>
        </test-method> <!-- setup -->
        <test-method status="PASS" signature="logincorrect()[pri:0, instance:test.Testmail@3a82f6ef]" name="logincorrect" duration-ms="5725" started-at="2018-07-23T17:20:39Z" description="Login test" finished-at="2018-07-23T17:20:45Z">
          <reporter-output>
          </reporter-output>
        </test-method> <!-- logincorrect -->
        <test-method status="PASS" signature="takeScreenShotOnFailure(org.testng.ITestResult)[pri:0, instance:test.Testmail@3a82f6ef]" name="takeScreenShotOnFailure" is-config="true" duration-ms="1" started-at="2018-07-23T17:20:45Z" finished-at="2018-07-23T17:20:45Z">
          <params>
            <param index="0">
              <value>
                <![CDATA[[TestResult name=logincorrect status=SUCCESS method=Testmail.logincorrect()[pri:0, instance:test.Testmail@3a82f6ef] output={null}]]]>
              </value>
            </param>
          </params>
          <reporter-output>
          </reporter-output>
        </test-method> <!-- takeScreenShotOnFailure -->
        <test-method status="PASS" signature="letter_send()[pri:1, instance:test.Testmail@3a82f6ef]" name="letter_send" duration-ms="3311" started-at="2018-07-23T17:20:45Z" description="Send letter test" finished-at="2018-07-23T17:20:48Z">
          <reporter-output>
          </reporter-output>
        </test-method> <!-- letter_send -->
        <test-method status="PASS" signature="takeScreenShotOnFailure(org.testng.ITestResult)[pri:0, instance:test.Testmail@3a82f6ef]" name="takeScreenShotOnFailure" is-config="true" duration-ms="0" started-at="2018-07-23T17:20:48Z" finished-at="2018-07-23T17:20:48Z">
          <params>
            <param index="0">
              <value>
                <![CDATA[[TestResult name=letter_send status=SUCCESS method=Testmail.letter_send()[pri:1, instance:test.Testmail@3a82f6ef] output={null}]]]>
              </value>
            </param>
          </params>
          <reporter-output>
          </reporter-output>
        </test-method> <!-- takeScreenShotOnFailure -->
        <test-method status="PASS" signature="aftertest()[pri:0, instance:test.Testmail@3a82f6ef]" name="aftertest" is-config="true" duration-ms="1712" started-at="2018-07-23T17:20:48Z" finished-at="2018-07-23T17:20:50Z">
          <reporter-output>
          </reporter-output>
        </test-method> <!-- aftertest -->
      </class> <!-- test.Testmail -->
    </test> <!-- Test -->
  </suite> <!-- Suite -->
</testng-results>
